Traceback (most recent call last):
  File "C:\Users\Administrator\Documents\Github\engram\train_runner.py", line 479, in <module>
    main()
    ~~~~^^
  File "C:\Users\Administrator\Documents\Github\engram\train_runner.py", line 373, in main
    result = run_iteration(iteration, config, book_files=iter_book_files)
  File "C:\Users\Administrator\Documents\Github\engram\train_runner.py", line 221, in run_iteration
    rc, stdout, stderr = run_cmd(cmd, timeout=3600)
                         ~~~~~~~^^^^^^^^^^^^^^^^^^^
  File "C:\Users\Administrator\Documents\Github\engram\train_runner.py", line 44, in run_cmd
    result = subprocess.run(
        cmd,
    ...<5 lines>...
        encoding="utf-8",
    )
  File "C:\Python314\Lib\subprocess.py", line 556, in run
    stdout, stderr = process.communicate(input, timeout=timeout)
                     ~~~~~~~~~~~~~~~~~~~^^^^^^^^^^^^^^^^^^^^^^^^
  File "C:\Python314\Lib\subprocess.py", line 1220, in communicate
    stdout, stderr = self._communicate(input, endtime, timeout)
                     ~~~~~~~~~~~~~~~~~^^^^^^^^^^^^^^^^^^^^^^^^^
  File "C:\Python314\Lib\subprocess.py", line 1663, in _communicate
    raise TimeoutExpired(self.args, orig_timeout)
subprocess.TimeoutExpired: Command '['C:\\Python314\\python.exe', 'C:\\Users\\Administrator\\Documents\\Github\\engram\\ingest.py', '--books', 'training_data.txt', 'C:\\Users\\Administrator\\Documents\\Github\\engram\\corpus\\84_frankenstein.txt']' timed out after 3600 seconds
